<?xml version="1.0" encoding="UTF-8"?>
<!-- Generated by org.testng.reporters.JUnitXMLReporter -->
<testsuite hostname="VDIHUB10552" name="Test" tests="1" failures="1" timestamp="9 Nov 2023 07:26:07 GMT" time="38.936" errors="0">
  <testcase name="@AfterTest tearDown" time="0.0" classname="Driver.DriverInit">
    <failure type="java.lang.NullPointerException">
      <![CDATA[java.lang.NullPointerException
	at Driver.DriverInit.tearDown(DriverInit.java:296)
... Removed 26 stack frames]]>
    </failure>
  </testcase> <!-- @AfterTest tearDown -->
  <testcase name="startSuite" time="31.454" classname="Driver.DriverInit">
    <failure type="java.lang.Error" message="Unresolved compilation problem: 
	The method corpbrd(String) in the type PortalPage is not applicable for the arguments ()
">
      <![CDATA[java.lang.Error: Unresolved compilation problem: 
	The method corpbrd(String) in the type PortalPage is not applicable for the arguments ()

	at Driver.DriverInit.PIMDEV_2358(DriverInit.java:1539)
	at Driver.DriverInit.startSuite(DriverInit.java:187)
... Removed 28 stack frames]]>
    </failure>
  </testcase> <!-- startSuite -->
</testsuite> <!-- Test -->
