<?xml version="1.0" encoding="UTF-8"?>
<testsuite xmlns:xsi="http://www.w3.org/2001/XMLSchema-instance" xsi:noNamespaceSchemaLocation="https://maven.apache.org/surefire/maven-surefire-plugin/xsd/surefire-test-report.xsd" name="TestSuite" time="39.759" tests="2" errors="0" skipped="0" failures="2">
  <properties>
[...]
</properties>
  <testcase name="startSuite" classname="Driver.DriverInit" time="31.467">
    <failure message="Unresolved compilation problem: &#10;	The method corpbrd(String) in the type PortalPage is not applicable for the arguments ()&#10;" type="java.lang.Error">java.lang.Error: 
Unresolved compilation problem: 
	The method corpbrd(String) in the type PortalPage is not applicable for the arguments ()

	at Driver.DriverInit.PIMDEV_2358(DriverInit.java:1539)
	at Driver.DriverInit.startSuite(DriverInit.java:187)
</failure>
    <system-out><![CDATA[PIMDEV_2382 Not required
PIMDEV_2382_NBO Not required
VerifyWorkArea Not required
PIMDEV_2378 Not required
PIMDEV_2376 Not required
PIMDEV_RCTE Not required
PIMDEV_2440 Not required
PIMDEV_2377 Not required
PIMDEV_Comp Not required
PIMDEV_2381 Not required
PIMDEV_2380 Not required
PIMDEV_2375 Not required
PIMDEV_CBS Not required
PIMDEV_Color Not required
PIMDEV_Flower Not required
PIMDEV_2961 Not required
PIMDEV_Sust Not required
PIMDEV_2374 Not required
PIMDEV_2357 Not required
PIMDEV_2383 Not required
=================================================Module Execution starts for PIMDEV_2358
]]></system-out>
    <system-err><![CDATA[Starting ChromeDriver 2.37.543627 (63642262d9fb93fb4ab52398be4286d844092a5e) on port 3337
Only local connections are allowed.
Nov 09, 2023 12:55:41 PM org.openqa.selenium.remote.ProtocolHandshake createSession
INFO: Detected dialect: OSS
]]></system-err>
  </testcase>
  <testcase name="tearDown" classname="Driver.DriverInit" time="36.816">
    <failure type="java.lang.NullPointerException">java.lang.NullPointerException
	at Driver.DriverInit.tearDown(DriverInit.java:296)
</failure>
    <system-out><![CDATA[Insode teardown....
]]></system-out>
    <system-err><![CDATA[log4j:WARN No appenders could be found for logger (freemarker.cache).
log4j:WARN Please initialize the log4j system properly.
log4j:WARN See http://logging.apache.org/log4j/1.2/faq.html#noconfig for more info.
]]></system-err>
  </testcase>
</testsuite>