<?xml version="1.0" encoding="UTF-8"?>
<testng-results skipped="0" failed="0" total="1" passed="1">
  <reporter-output>
  </reporter-output>
  <suite name="Default suite" duration-ms="115818" started-at="2018-11-22T13:22:43Z" finished-at="2018-11-22T13:24:39Z">
    <groups>
    </groups>
    <test name="Default test" duration-ms="115818" started-at="2018-11-22T13:22:43Z" finished-at="2018-11-22T13:24:39Z">
      <class name="Driver.DriverInit">
        <test-method status="PASS" signature="initiateReport()[pri:0, instance:Driver.DriverInit@6500df86]" name="initiateReport" is-config="true" duration-ms="886" started-at="2018-11-22T14:22:43Z" finished-at="2018-11-22T14:22:44Z">
          <reporter-output>
          </reporter-output>
        </test-method> <!-- initiateReport -->
        <test-method status="PASS" signature="startSuite()[pri:0, instance:Driver.DriverInit@6500df86]" name="startSuite" duration-ms="108902" started-at="2018-11-22T14:22:44Z" finished-at="2018-11-22T14:24:33Z">
          <reporter-output>
          </reporter-output>
        </test-method> <!-- startSuite -->
        <test-method status="FAIL" signature="tearDown()[pri:0, instance:Driver.DriverInit@6500df86]" name="tearDown" is-config="true" duration-ms="0" started-at="2018-11-22T14:24:33Z" finished-at="2018-11-22T14:24:33Z">
          <exception class="java.io.IOException">
            <message>
              <![CDATA[Request returned status Code 407Body:<HTML><HEAD>
<TITLE>Access Denied</TITLE>
</HEAD>
<BODY>
<FONT face="Helvetica">
<big><strong></strong></big><BR>
</FONT>
<blockquote>
<TABLE border=0 cellPadding=1 width="80%">
<TR><TD>
<FONT face="Helvetica">
<big>Access Denied (authentication_failed)</big>
<BR>
<BR>
</FONT>
</TD></TR>
<TR><TD>
<FONT face="Helvetica">
Your credentials could not be authenticated: "Credentials are missing.". You will not be permitted access until your credentials can be verified.
</FONT>
</TD></TR>
<TR><TD>
<FONT face="Helvetica">
This is typically caused by an incorrect username and/or password, but could also be caused by network problems.
</FONT>
</TD></TR>
<TR><TD>
<FONT face="Helvetica" SIZE=3>
<BR>
For assistance, contact IT Helpdesk.
<BR>
</FONT>
<FONT face="Helvetica" SIZE=1>
You are using proxy: 10.66.250.12:8080
<BR>
You are authenticated as: 
<BR>
Requesting url: tcp://api.sendgrid.com:443/
<BR>
There are currently 0 user(s) authenticated from 10.60.218.81
<BR>
The current time is 2018-11-22 13:24:39 (GMT)
</FONT>
</TD></TR>
</TABLE>
</blockquote>
</FONT>
</BODY></HTML>
]]>
            </message>
            <full-stacktrace>
              <![CDATA[java.io.IOException: Request returned status Code 407Body:<HTML><HEAD>
<TITLE>Access Denied</TITLE>
</HEAD>
<BODY>
<FONT face="Helvetica">
<big><strong></strong></big><BR>
</FONT>
<blockquote>
<TABLE border=0 cellPadding=1 width="80%">
<TR><TD>
<FONT face="Helvetica">
<big>Access Denied (authentication_failed)</big>
<BR>
<BR>
</FONT>
</TD></TR>
<TR><TD>
<FONT face="Helvetica">
Your credentials could not be authenticated: "Credentials are missing.". You will not be permitted access until your credentials can be verified.
</FONT>
</TD></TR>
<TR><TD>
<FONT face="Helvetica">
This is typically caused by an incorrect username and/or password, but could also be caused by network problems.
</FONT>
</TD></TR>
<TR><TD>
<FONT face="Helvetica" SIZE=3>
<BR>
For assistance, contact IT Helpdesk.
<BR>
</FONT>
<FONT face="Helvetica" SIZE=1>
You are using proxy: 10.66.250.12:8080
<BR>
You are authenticated as: 
<BR>
Requesting url: tcp://api.sendgrid.com:443/
<BR>
There are currently 0 user(s) authenticated from 10.60.218.81
<BR>
The current time is 2018-11-22 13:24:39 (GMT)
</FONT>
</TD></TR>
</TABLE>
</blockquote>
</FONT>
</BODY></HTML>

	at com.sendgrid.Client.executeApiCall(Client.java:287)
	at com.sendgrid.Client.post(Client.java:192)
	at com.sendgrid.Client.api(Client.java:310)
	at com.sendgrid.SendGrid.makeCall(SendGrid.java:151)
	at com.sendgrid.SendGrid.api(SendGrid.java:173)
	at Utils.commons.sendMail(commons.java:87)
	at Driver.DriverInit.tearDown(DriverInit.java:136)
	at sun.reflect.NativeMethodAccessorImpl.invoke0(Native Method)
	at sun.reflect.NativeMethodAccessorImpl.invoke(NativeMethodAccessorImpl.java:62)
	at sun.reflect.DelegatingMethodAccessorImpl.invoke(DelegatingMethodAccessorImpl.java:43)
	at java.lang.reflect.Method.invoke(Method.java:498)
	at org.testng.internal.MethodInvocationHelper.invokeMethod(MethodInvocationHelper.java:85)
	at org.testng.internal.Invoker.invokeConfigurationMethod(Invoker.java:510)
	at org.testng.internal.Invoker.invokeConfigurations(Invoker.java:211)
	at org.testng.internal.Invoker.invokeConfigurations(Invoker.java:138)
	at org.testng.TestRunner.afterRun(TestRunner.java:1023)
	at org.testng.TestRunner.run(TestRunner.java:628)
	at org.testng.SuiteRunner.runTest(SuiteRunner.java:359)
	at org.testng.SuiteRunner.runSequentially(SuiteRunner.java:354)
	at org.testng.SuiteRunner.privateRun(SuiteRunner.java:312)
	at org.testng.SuiteRunner.run(SuiteRunner.java:261)
	at org.testng.SuiteRunnerWorker.runSuite(SuiteRunnerWorker.java:52)
	at org.testng.SuiteRunnerWorker.run(SuiteRunnerWorker.java:86)
	at org.testng.TestNG.runSuitesSequentially(TestNG.java:1215)
	at org.testng.TestNG.runSuitesLocally(TestNG.java:1140)
	at org.testng.TestNG.run(TestNG.java:1048)
	at org.testng.remote.AbstractRemoteTestNG.run(AbstractRemoteTestNG.java:114)
	at org.testng.remote.RemoteTestNG.initAndRun(RemoteTestNG.java:251)
	at org.testng.remote.RemoteTestNG.main(RemoteTestNG.java:77)
]]>
            </full-stacktrace>
          </exception> <!-- java.io.IOException -->
          <reporter-output>
          </reporter-output>
        </test-method> <!-- tearDown -->
      </class> <!-- Driver.DriverInit -->
    </test> <!-- Default test -->
  </suite> <!-- Default suite -->
</testng-results>